<?xml version="1.0" encoding="UTF-8"?>
<!-- Generated by org.testng.reporters.JUnitXMLReporter -->
<testsuite hostname="CHL122908" ignored="0" name="Default test" tests="5" failures="0" timestamp="2020-05-25T16:29:08 IST" time="16.012" errors="0">
  <testcase name="getCityWeatherDetails" time="10.397" classname="tests.rest.TC01_GetCityWeather"/>
  <testcase name="getCityWeatherDetails" time="0.794" classname="tests.rest.TC01_GetCityWeather"/>
  <testcase name="getCityWeatherDetails" time="0.611" classname="tests.rest.TC01_GetCityWeather"/>
  <testcase name="getCityWeatherDetails" time="0.693" classname="tests.rest.TC01_GetCityWeather"/>
  <testcase name="getCityWeatherDetails" time="0.555" classname="tests.rest.TC01_GetCityWeather"/>
</testsuite> <!-- Default test -->
