<?xml version="1.0" encoding="UTF-8"?>
<testng-results skipped="0" failed="0" ignored="0" total="5" passed="5">
  <reporter-output>
  </reporter-output>
  <suite name="Default suite" duration-ms="16012" started-at="2020-05-25T16:28:52 IST" finished-at="2020-05-25T16:29:08 IST">
    <groups>
    </groups>
    <test name="Default test" duration-ms="16012" started-at="2020-05-25T16:28:52 IST" finished-at="2020-05-25T16:29:08 IST">
      <class name="tests.rest.TC01_GetCityWeather">
        <test-method status="PASS" signature="beforeSuite()[pri:0, instance:tests.rest.TC01_GetCityWeather@1fc2b765]" name="beforeSuite" is-config="true" duration-ms="4533" started-at="2020-05-25T16:28:48 IST" finished-at="2020-05-25T16:28:52 IST">
          <reporter-output>
          </reporter-output>
        </test-method> <!-- beforeSuite -->
        <test-method status="PASS" signature="beforeTest()[pri:0, instance:tests.rest.TC01_GetCityWeather@1fc2b765]" name="beforeTest" is-config="true" duration-ms="2" started-at="2020-05-25T16:28:52 IST" finished-at="2020-05-25T16:28:52 IST">
          <reporter-output>
          </reporter-output>
        </test-method> <!-- beforeTest -->
        <test-method status="PASS" signature="setValues()[pri:0, instance:tests.rest.TC01_GetCityWeather@1fc2b765]" name="setValues" is-config="true" duration-ms="7" started-at="2020-05-25T16:28:52 IST" depends-on-methods="lib.rest.PreAndTest.beforeTest" finished-at="2020-05-25T16:28:52 IST">
          <reporter-output>
          </reporter-output>
        </test-method> <!-- setValues -->
        <test-method status="PASS" signature="beforeClass()[pri:0, instance:tests.rest.TC01_GetCityWeather@1fc2b765]" name="beforeClass" is-config="true" duration-ms="5" started-at="2020-05-25T16:28:52 IST" finished-at="2020-05-25T16:28:52 IST">
          <reporter-output>
          </reporter-output>
        </test-method> <!-- beforeClass -->
        <test-method status="PASS" signature="beforeMethod()[pri:0, instance:tests.rest.TC01_GetCityWeather@1fc2b765]" name="beforeMethod" is-config="true" duration-ms="15" started-at="2020-05-25T16:28:55 IST" finished-at="2020-05-25T16:28:55 IST">
          <reporter-output>
          </reporter-output>
        </test-method> <!-- beforeMethod -->
        <test-method status="PASS" signature="getCityWeatherDetails(java.lang.String)[pri:0, instance:tests.rest.TC01_GetCityWeather@1fc2b765]" name="getCityWeatherDetails" duration-ms="10397" started-at="2020-05-25T16:28:55 IST" data-provider="fetchData" finished-at="2020-05-25T16:29:06 IST">
          <params>
            <param index="0">
              <value>
                <![CDATA[Chennai]]>
              </value>
            </param>
          </params>
          <reporter-output>
          </reporter-output>
        </test-method> <!-- getCityWeatherDetails -->
        <test-method status="PASS" signature="afterMethod()[pri:0, instance:tests.rest.TC01_GetCityWeather@1fc2b765]" name="afterMethod" is-config="true" duration-ms="1" started-at="2020-05-25T16:29:06 IST" finished-at="2020-05-25T16:29:06 IST">
          <reporter-output>
          </reporter-output>
        </test-method> <!-- afterMethod -->
        <test-method status="PASS" signature="beforeMethod()[pri:0, instance:tests.rest.TC01_GetCityWeather@1fc2b765]" name="beforeMethod" is-config="true" duration-ms="4" started-at="2020-05-25T16:29:06 IST" finished-at="2020-05-25T16:29:06 IST">
          <reporter-output>
          </reporter-output>
        </test-method> <!-- beforeMethod -->
        <test-method status="PASS" signature="getCityWeatherDetails(java.lang.String)[pri:0, instance:tests.rest.TC01_GetCityWeather@1fc2b765]" name="getCityWeatherDetails" duration-ms="794" started-at="2020-05-25T16:29:06 IST" data-provider="fetchData" finished-at="2020-05-25T16:29:06 IST">
          <params>
            <param index="0">
              <value>
                <![CDATA[Mumbai]]>
              </value>
            </param>
          </params>
          <reporter-output>
          </reporter-output>
        </test-method> <!-- getCityWeatherDetails -->
        <test-method status="PASS" signature="afterMethod()[pri:0, instance:tests.rest.TC01_GetCityWeather@1fc2b765]" name="afterMethod" is-config="true" duration-ms="0" started-at="2020-05-25T16:29:06 IST" finished-at="2020-05-25T16:29:06 IST">
          <reporter-output>
          </reporter-output>
        </test-method> <!-- afterMethod -->
        <test-method status="PASS" signature="beforeMethod()[pri:0, instance:tests.rest.TC01_GetCityWeather@1fc2b765]" name="beforeMethod" is-config="true" duration-ms="2" started-at="2020-05-25T16:29:06 IST" finished-at="2020-05-25T16:29:06 IST">
          <reporter-output>
          </reporter-output>
        </test-method> <!-- beforeMethod -->
        <test-method status="PASS" signature="getCityWeatherDetails(java.lang.String)[pri:0, instance:tests.rest.TC01_GetCityWeather@1fc2b765]" name="getCityWeatherDetails" duration-ms="611" started-at="2020-05-25T16:29:06 IST" data-provider="fetchData" finished-at="2020-05-25T16:29:07 IST">
          <params>
            <param index="0">
              <value>
                <![CDATA[Delhi]]>
              </value>
            </param>
          </params>
          <reporter-output>
          </reporter-output>
        </test-method> <!-- getCityWeatherDetails -->
        <test-method status="PASS" signature="beforeMethod()[pri:0, instance:tests.rest.TC01_GetCityWeather@1fc2b765]" name="beforeMethod" is-config="true" duration-ms="15" started-at="2020-05-25T16:29:07 IST" finished-at="2020-05-25T16:29:07 IST">
          <reporter-output>
          </reporter-output>
        </test-method> <!-- beforeMethod -->
        <test-method status="PASS" signature="afterMethod()[pri:0, instance:tests.rest.TC01_GetCityWeather@1fc2b765]" name="afterMethod" is-config="true" duration-ms="0" started-at="2020-05-25T16:29:07 IST" finished-at="2020-05-25T16:29:07 IST">
          <reporter-output>
          </reporter-output>
        </test-method> <!-- afterMethod -->
        <test-method status="PASS" signature="getCityWeatherDetails(java.lang.String)[pri:0, instance:tests.rest.TC01_GetCityWeather@1fc2b765]" name="getCityWeatherDetails" duration-ms="693" started-at="2020-05-25T16:29:07 IST" data-provider="fetchData" finished-at="2020-05-25T16:29:08 IST">
          <params>
            <param index="0">
              <value>
                <![CDATA[Bengaluru]]>
              </value>
            </param>
          </params>
          <reporter-output>
          </reporter-output>
        </test-method> <!-- getCityWeatherDetails -->
        <test-method status="PASS" signature="afterMethod()[pri:0, instance:tests.rest.TC01_GetCityWeather@1fc2b765]" name="afterMethod" is-config="true" duration-ms="1" started-at="2020-05-25T16:29:08 IST" finished-at="2020-05-25T16:29:08 IST">
          <reporter-output>
          </reporter-output>
        </test-method> <!-- afterMethod -->
        <test-method status="PASS" signature="beforeMethod()[pri:0, instance:tests.rest.TC01_GetCityWeather@1fc2b765]" name="beforeMethod" is-config="true" duration-ms="2" started-at="2020-05-25T16:29:08 IST" finished-at="2020-05-25T16:29:08 IST">
          <reporter-output>
          </reporter-output>
        </test-method> <!-- beforeMethod -->
        <test-method status="PASS" signature="getCityWeatherDetails(java.lang.String)[pri:0, instance:tests.rest.TC01_GetCityWeather@1fc2b765]" name="getCityWeatherDetails" duration-ms="555" started-at="2020-05-25T16:29:08 IST" data-provider="fetchData" finished-at="2020-05-25T16:29:08 IST">
          <params>
            <param index="0">
              <value>
                <![CDATA[Kolkata]]>
              </value>
            </param>
          </params>
          <reporter-output>
          </reporter-output>
        </test-method> <!-- getCityWeatherDetails -->
        <test-method status="PASS" signature="afterMethod()[pri:0, instance:tests.rest.TC01_GetCityWeather@1fc2b765]" name="afterMethod" is-config="true" duration-ms="1" started-at="2020-05-25T16:29:08 IST" finished-at="2020-05-25T16:29:08 IST">
          <reporter-output>
          </reporter-output>
        </test-method> <!-- afterMethod -->
        <test-method status="PASS" signature="afterClass()[pri:0, instance:tests.rest.TC01_GetCityWeather@1fc2b765]" name="afterClass" is-config="true" duration-ms="1" started-at="2020-05-25T16:29:08 IST" finished-at="2020-05-25T16:29:08 IST">
          <reporter-output>
          </reporter-output>
        </test-method> <!-- afterClass -->
        <test-method status="PASS" signature="afterTest()[pri:0, instance:tests.rest.TC01_GetCityWeather@1fc2b765]" name="afterTest" is-config="true" duration-ms="2" started-at="2020-05-25T16:29:08 IST" finished-at="2020-05-25T16:29:08 IST">
          <reporter-output>
          </reporter-output>
        </test-method> <!-- afterTest -->
        <test-method status="PASS" signature="afterSuite()[pri:0, instance:tests.rest.TC01_GetCityWeather@1fc2b765]" name="afterSuite" is-config="true" duration-ms="1618" started-at="2020-05-25T16:29:08 IST" finished-at="2020-05-25T16:29:10 IST">
          <reporter-output>
          </reporter-output>
        </test-method> <!-- afterSuite -->
      </class> <!-- tests.rest.TC01_GetCityWeather -->
    </test> <!-- Default test -->
  </suite> <!-- Default suite -->
</testng-results>
